\BOOKMARK [0][-]{chapter.1}{\376\377\000I\000N\000T\000R\000O\000D\000U\000C\000T\000I\000O\000N}{}% 1
\BOOKMARK [0][-]{chapter.2}{\376\377\000T\000h\000e\000o\000r\000e\000t\000i\000c\000a\000l\000\040\000b\000a\000c\000k\000g\000r\000o\000u\000n\000d\000,\000\040\000p\000r\000i\000o\000r\000\040\000l\000i\000t\000e\000r\000a\000t\000u\000r\000e\000,\000\040\000a\000n\000d\000\040\000c\000o\000n\000c\000e\000p\000t\000u\000a\000l\000\040\000f\000o\000u\000n\000d\000a\000t\000i\000o\000n\000s}{}% 2
\BOOKMARK [1][-]{section.2.1}{\376\377\000T\000h\000e\000o\000r\000e\000t\000i\000c\000a\000l\000\040\000f\000r\000a\000m\000e\000w\000o\000r\000k\000s\000\040\000f\000o\000r\000\040\000s\000o\000c\000i\000a\000l\000\040\000s\000u\000s\000t\000a\000i\000n\000a\000b\000i\000l\000i\000t\000y\000\040\000r\000e\000p\000o\000r\000t\000i\000n\000g\000\040\000r\000e\000a\000d\000i\000n\000e\000s\000s\000\040\000i\000n\000\040\000s\000o\000f\000t\000w\000a\000r\000e\000\040\000s\000e\000r\000v\000i\000c\000e\000s}{chapter.2}% 3
\BOOKMARK [1][-]{section.2.2}{\376\377\000F\000o\000u\000n\000d\000a\000t\000i\000o\000n\000s\000\040\000a\000n\000d\000\040\000P\000r\000i\000o\000r\000\040\000L\000i\000t\000e\000r\000a\000t\000u\000r\000e\000\040\000o\000n\000\040\000S\000o\000c\000i\000a\000l\000\040\000S\000u\000s\000t\000a\000i\000n\000a\000b\000i\000l\000i\000t\000y\000\040\000R\000e\000p\000o\000r\000t\000i\000n\000g}{chapter.2}% 4
\BOOKMARK [1][-]{section.2.3}{\376\377\000S\000e\000c\000t\000o\000r\000a\000l\000\040\000C\000h\000a\000r\000a\000c\000t\000e\000r\000i\000s\000t\000i\000c\000s\000\040\000a\000n\000d\000\040\000R\000e\000p\000o\000r\000t\000i\000n\000g\000\040\000P\000r\000a\000c\000t\000i\000c\000e\000s\000\040\000i\000n\000\040\000t\000h\000e\000\040\000S\000o\000f\000t\000w\000a\000r\000e\000\040\000S\000e\000r\000v\000i\000c\000e\000s}{chapter.2}% 5
\BOOKMARK [1][-]{section.2.4}{\376\377\000C\000o\000n\000c\000e\000p\000t\000u\000a\000l\000i\000z\000a\000t\000i\000o\000n\000s\000\040\000a\000n\000d\000\040\000E\000x\000i\000s\000t\000i\000n\000g\000\040\000F\000r\000a\000m\000e\000w\000o\000r\000k\000s\000\040\000o\000f\000\040\000R\000e\000p\000o\000r\000t\000i\000n\000g\000\040\000R\000e\000a\000d\000i\000n\000e\000s\000s}{chapter.2}% 6
\BOOKMARK [1][-]{section.2.5}{\376\377\000L\000i\000t\000e\000r\000a\000t\000u\000r\000e\000-\000B\000a\000s\000e\000d\000\040\000D\000r\000i\000v\000e\000r\000s\000\040\000a\000n\000d\000\040\000B\000a\000r\000r\000i\000e\000r\000s}{chapter.2}% 7
\BOOKMARK [0][-]{chapter.3}{\376\377\000R\000E\000S\000E\000A\000R\000C\000H\000\040\000M\000E\000T\000H\000O\000D\000O\000L\000O\000G\000Y}{}% 8
\BOOKMARK [1][-]{section.3.1}{\376\377\000R\000e\000s\000e\000a\000r\000c\000h\000\040\000D\000e\000s\000i\000g\000n\000\040\000a\000n\000d\000\040\000M\000e\000t\000h\000o\000d\000o\000l\000o\000g\000i\000c\000a\000l\000\040\000A\000p\000p\000r\000o\000a\000c\000h\000\040\000f\000o\000r\000\040\000S\000o\000c\000i\000a\000l\000\040\000S\000u\000s\000t\000a\000i\000n\000a\000b\000i\000l\000i\000t\000y\000\040\000R\000e\000a\000d\000i\000n\000e\000s\000s}{chapter.3}% 9
\BOOKMARK [1][-]{section.3.2}{\376\377\000A\000s\000s\000e\000s\000s\000m\000e\000n\000t\000\040\000F\000r\000a\000m\000e\000w\000o\000r\000k\000\040\000a\000n\000d\000\040\000D\000a\000t\000a\000\040\000A\000n\000a\000l\000y\000s\000i\000s}{chapter.3}% 10
\BOOKMARK [2][-]{subsection.3.2.1}{\376\377\000D\000e\000v\000e\000l\000o\000p\000i\000n\000g\000\040\000t\000h\000e\000\040\000S\000S\000R\000\040\000R\000e\000a\000d\000i\000n\000e\000s\000s\000\040\000F\000r\000a\000m\000e\000w\000o\000r\000k}{section.3.2}% 11
\BOOKMARK [2][-]{subsection.3.2.2}{\376\377\000D\000a\000t\000a\000\040\000A\000n\000a\000l\000y\000s\000i\000s}{section.3.2}% 12
\BOOKMARK [1][-]{section.3.3}{\376\377\000R\000e\000s\000e\000a\000r\000c\000h\000\040\000E\000t\000h\000i\000c\000s\000\040\000a\000n\000d\000\040\000M\000e\000t\000h\000o\000d\000o\000l\000o\000g\000i\000c\000a\000l\000\040\000L\000i\000m\000i\000t\000a\000t\000i\000o\000n\000s}{chapter.3}% 13
\BOOKMARK [0][-]{chapter.4}{\376\377\000F\000I\000N\000D\000I\000N\000G\000S\000\040\000A\000N\000D\000\040\000A\000N\000A\000L\000Y\000S\000I\000S\000\040\000F\000R\000O\000M\000\040\000E\000M\000P\000I\000R\000I\000C\000A\000L\000\040\000R\000E\000S\000E\000A\000R\000C\000H}{}% 14
\BOOKMARK [1][-]{section.4.1}{\376\377\000O\000v\000e\000r\000v\000i\000e\000w\000\040\000o\000f\000\040\000S\000S\000R\000\040\000R\000e\000a\000d\000i\000n\000e\000s\000s\000\040\000A\000c\000r\000o\000s\000s\000\040\000t\000h\000e\000\040\000S\000a\000m\000p\000l\000e}{chapter.4}% 15
\BOOKMARK [1][-]{section.4.2}{\376\377\000R\000e\000a\000d\000i\000n\000e\000s\000s\000\040\000b\000y\000\040\000C\000o\000m\000p\000a\000n\000y\000\040\000C\000h\000a\000r\000a\000c\000t\000e\000r\000i\000s\000t\000i\000c\000s}{chapter.4}% 16
\BOOKMARK [1][-]{section.4.3}{\376\377\000A\000n\000a\000l\000y\000s\000i\000s\000\040\000b\000y\000\040\000t\000h\000e\000\040\000F\000r\000a\000m\000e\000w\000o\000r\000k\000\040\000C\000a\000t\000e\000g\000o\000r\000i\000e\000s}{chapter.4}% 17
\BOOKMARK [1][-]{section.4.4}{\376\377\000E\000m\000p\000i\000r\000i\000c\000a\000l\000\040\000D\000r\000i\000v\000e\000r\000s\000\040\000a\000n\000d\000\040\000C\000h\000a\000l\000l\000e\000n\000g\000e\000s}{chapter.4}% 18
\BOOKMARK [1][-]{section.4.5}{\376\377\000S\000u\000m\000m\000a\000r\000y\000\040\000o\000f\000\040\000F\000i\000n\000d\000i\000n\000g\000s}{chapter.4}% 19
\BOOKMARK [0][-]{chapter.5}{\376\377\000D\000I\000S\000C\000U\000S\000S\000I\000O\000N\000\040\000O\000N\000\040\000E\000M\000P\000I\000R\000I\000C\000A\000L\000\040\000R\000E\000S\000U\000L\000T\000S}{}% 20
\BOOKMARK [1][-]{section.5.1}{\376\377\000S\000u\000m\000m\000a\000r\000y\000\040\000o\000f\000\040\000K\000e\000y\000\040\000F\000i\000n\000d\000i\000n\000g\000s}{chapter.5}% 21
\BOOKMARK [1][-]{section.5.2}{\376\377\000T\000h\000e\000o\000r\000e\000t\000i\000c\000a\000l\000\040\000I\000n\000t\000e\000r\000p\000r\000e\000t\000a\000t\000i\000o\000n\000\040\000o\000f\000\040\000D\000r\000i\000v\000e\000r\000s\000\040\000a\000n\000d\000\040\000B\000a\000r\000r\000i\000e\000r\000s}{chapter.5}% 22
\BOOKMARK [2][-]{subsection.5.2.1}{\376\377\000D\000r\000i\000v\000e\000r\000s\000\040\000o\000f\000\040\000S\000o\000c\000i\000a\000l\000\040\000S\000u\000s\000t\000a\000i\000n\000a\000b\000i\000l\000i\000t\000y\000\040\000R\000e\000p\000o\000r\000t\000i\000n\000g\000\040\000R\000e\000a\000d\000i\000n\000e\000s\000s}{section.5.2}% 23
\BOOKMARK [2][-]{subsection.5.2.2}{\376\377\000B\000a\000r\000r\000i\000e\000r\000s\000\040\000o\000f\000\040\000S\000o\000c\000i\000a\000l\000\040\000S\000u\000s\000t\000a\000i\000n\000a\000b\000i\000l\000i\000t\000y\000\040\000R\000e\000p\000o\000r\000t\000i\000n\000g\000\040\000R\000e\000a\000d\000i\000n\000e\000s\000s}{section.5.2}% 24
\BOOKMARK [1][-]{section.5.3}{\376\377\000I\000m\000p\000l\000i\000c\000a\000t\000i\000o\000n\000s\000\040\000f\000o\000r\000\040\000P\000r\000a\000c\000t\000i\000c\000e\000s}{chapter.5}% 25
\BOOKMARK [1][-]{section.5.4}{\376\377\000A\000c\000a\000d\000e\000m\000i\000c\000\040\000C\000o\000n\000t\000r\000i\000b\000u\000t\000i\000o\000n\000s}{chapter.5}% 26
\BOOKMARK [0][-]{chapter.6}{\376\377\000S\000U\000M\000M\000A\000R\000Y\000\040\000A\000N\000D\000\040\000C\000O\000N\000C\000L\000U\000S\000I\000O\000N\000S}{}% 27
\BOOKMARK [1][-]{section.6.1}{\376\377\000R\000e\000s\000e\000a\000r\000c\000h\000\040\000S\000u\000m\000m\000a\000r\000y\000\040\000a\000n\000d\000\040\000C\000o\000n\000c\000l\000u\000s\000i\000o\000n\000s}{chapter.6}% 28
\BOOKMARK [1][-]{section.6.2}{\376\377\000C\000o\000n\000t\000r\000i\000b\000u\000t\000i\000o\000n\000s\000\040\000o\000f\000\040\000t\000h\000e\000\040\000S\000t\000u\000d\000y}{chapter.6}% 29
\BOOKMARK [1][-]{section.6.3}{\376\377\000R\000e\000c\000o\000m\000m\000e\000n\000d\000a\000t\000i\000o\000n\000s}{chapter.6}% 30
\BOOKMARK [1][-]{section.6.4}{\376\377\000R\000e\000s\000e\000a\000r\000c\000h\000\040\000L\000i\000m\000i\000t\000a\000t\000i\000o\000n\000s}{chapter.6}% 31
\BOOKMARK [1][-]{section.6.5}{\376\377\000S\000u\000g\000g\000e\000s\000t\000i\000o\000n\000s\000\040\000f\000o\000r\000\040\000F\000u\000t\000u\000r\000e\000\040\000R\000e\000s\000e\000a\000r\000c\000h}{chapter.6}% 32
